<?xml version="1.0" encoding="UTF-8"?>
<!-- Generated by org.testng.reporters.JUnitReportReporter -->
<testsuite skipped="0" hostname="ShameemAkhtar" name="registration.SignUpPageTest" tests="1" failures="0" timestamp="2022-07-15T17:58:01 PKT" time="20.416" errors="0">
  <testcase name="sign_up" time="20.416" classname="registration.SignUpPageTest"/>
  <system-out/>
</testsuite> <!-- registration.SignUpPageTest -->
